{
  message: 'Server is running on port 3000',
  level: 'info',
  service: 'application-service',
  timestamp: '2025-11-04T13:32:50.485Z'
}
{
  message: "unhandled error: Cannot destructure property 'username' of 'req.body' as it is undefined.",
  level: 'error',
  service: 'application-service',
  timestamp: '2025-11-04T13:33:59.775Z'
}
{
  message: "unhandled error: Cannot destructure property 'username' of 'req.body' as it is undefined.",
  level: 'error',
  service: 'application-service',
  timestamp: '2025-11-04T13:34:47.988Z'
}
{
  message: 'Server is running on port 3000',
  level: 'info',
  service: 'application-service',
  timestamp: '2025-11-04T13:36:38.640Z'
}
{
  message: 'User Adityua registered successfully',
  level: 'info',
  service: 'application-service',
  timestamp: '2025-11-04T13:36:41.298Z'
}
